C:\USERS\ARNO\DESKTOP\FXS\VISUALSTUDIO\FXS\DEBUG\FXS.LIB
C:\Users\Arno\Desktop\Fxs\VisualStudio\Fxs\Fxs\Debug\cl.command.1.tlog
C:\Users\Arno\Desktop\Fxs\VisualStudio\Fxs\Fxs\Debug\CL.read.1.tlog
C:\Users\Arno\Desktop\Fxs\VisualStudio\Fxs\Fxs\Debug\CL.write.1.tlog
C:\USERS\ARNO\DESKTOP\FXS\VISUALSTUDIO\FXS\FXS\DEBUG\DICTIONARY.OBJ
C:\Users\Arno\Desktop\Fxs\VisualStudio\Fxs\Fxs\Debug\Fxs.write.1.tlog
C:\USERS\ARNO\DESKTOP\FXS\VISUALSTUDIO\FXS\FXS\DEBUG\INTERSECTIONTRIBOX.OBJ
C:\Users\Arno\Desktop\Fxs\VisualStudio\Fxs\Fxs\Debug\lib.command.1.tlog
C:\Users\Arno\Desktop\Fxs\VisualStudio\Fxs\Fxs\Debug\Lib-link.read.1.tlog
C:\Users\Arno\Desktop\Fxs\VisualStudio\Fxs\Fxs\Debug\Lib-link.write.1.tlog
C:\USERS\ARNO\DESKTOP\FXS\VISUALSTUDIO\FXS\FXS\DEBUG\LIST.OBJ
C:\USERS\ARNO\DESKTOP\FXS\VISUALSTUDIO\FXS\FXS\DEBUG\MATRIX2.OBJ
C:\USERS\ARNO\DESKTOP\FXS\VISUALSTUDIO\FXS\FXS\DEBUG\MATRIX3.OBJ
C:\USERS\ARNO\DESKTOP\FXS\VISUALSTUDIO\FXS\FXS\DEBUG\MATRIX4.OBJ
C:\USERS\ARNO\DESKTOP\FXS\VISUALSTUDIO\FXS\FXS\DEBUG\NUMBER.OBJ
C:\USERS\ARNO\DESKTOP\FXS\VISUALSTUDIO\FXS\FXS\DEBUG\OBJFILE.OBJ
C:\USERS\ARNO\DESKTOP\FXS\VISUALSTUDIO\FXS\FXS\DEBUG\OBJMTLFILE.OBJ
C:\USERS\ARNO\DESKTOP\FXS\VISUALSTUDIO\FXS\FXS\DEBUG\QUATERNION.OBJ
C:\Users\Arno\Desktop\Fxs\VisualStudio\Fxs\Fxs\Debug\vc100.idb
C:\USERS\ARNO\DESKTOP\FXS\VISUALSTUDIO\FXS\FXS\DEBUG\VC100.PDB
C:\USERS\ARNO\DESKTOP\FXS\VISUALSTUDIO\FXS\FXS\DEBUG\VECTOR2.OBJ
C:\USERS\ARNO\DESKTOP\FXS\VISUALSTUDIO\FXS\FXS\DEBUG\VECTOR3.OBJ
C:\USERS\ARNO\DESKTOP\FXS\VISUALSTUDIO\FXS\FXS\DEBUG\VECTOR4.OBJ
